1 2 3 4 5 6 
2 4 6 8 10 12 
3 6 2 4 6 8 
4 8 2 4 6 8 
5 10 2 4 6 8 
6 12 4 6 8 10 
8 10 12 14 16 18 20 22 24 26 28 30 32 34 36 38 40 42 44 46 48 50 52 54 56 58 60 
3 6 10 12 14 16 18 20 22 24 26 28 30 32 34 36 38 40 42 44 46 48 50 52 54 56 58 60 2 4 
4 10 12 14 16 18 20 22 24 26 28 30 32 34 36 38 40 42 44 46 48 50 52 54 56 58 60 2 4 6 
5 12 14 16 18 20 22 24 26 28 30 32 34 36 38 40 42 44 46 48 50 52 54 56 58 60 2 4 6 8 
6 14 16 18 20 22 24 26 28 30 32 34 36 38 40 42 44 46 48 50 52 54 56 58 60 2 4 6 8 10 
7 16 18 20 22 24 26 28 30 32 34 36 38 40 42 44 46 48 50 52 54 56 58 60 2 4 6 8 10 12 
8 18 20 22 24 26 28 30 32 34 36 38 40 42 44 46 48 50 52 54 56 58 60 2 4 6 8 10 12 14 
9 20 22 24 26 28 30 32 34 36 38 40 42 44 46 48 50 52 54 56 58 60 2 4 6 8 10 12 14 16 
10 22 24 26 28 30 32 34 36 38 40 42 44 46 48 50 52 54 56 58 60 2 4 6 8 10 12 14 16 18 
11 24 26 28 30 32 34 36 38 40 42 44 46 48 50 52 54 56 58 60 2 4 6 8 10 12 14 16 18 20 
12 26 28 30 32 34 36 38 40 42 44 46 48 50 52 54 56 58 60 2 4 6 8 10 12 14 16 18 20 22 
13 28 30 32 34 36 38 40 42 44 46 48 50 52 54 56 58 60 2 4 6 8 10 12 14 16 18 20 22 24 
14 30 32 34 36 38 40 42 44 46 48 50 52 54 56 58 60 2 4 6 8 10 12 14 16 18 20 22 24 26 
15 32 34 36 38 40 42 44 46 48 50 52 54 56 58 60 2 4 6 8 10 12 14 16 18 20 22 24 26 28 
16 34 36 38 40 42 44 46 48 50 52 54 56 58 60 2 4 6 8 10 12 14 16 18 20 22 24 26 28 30 
17 36 38 40 42 44 46 48 50 52 54 56 58 60 2 4 6 8 10 12 14 16 18 20 22 24 26 28 30 32 
18 38 40 42 44 46 48 50 52 54 56 58 60 2 4 6 8 10 12 14 16 18 20 22 24 26 28 30 32 34 
19 40 42 44 46 48 50 52 54 56 58 60 2 4 6 8 10 12 14 16 18 20 22 24 26 28 30 32 34 36 
20 42 44 46 48 50 52 54 56 58 60 2 4 6 8 10 12 14 16 18 20 22 24 26 28 30 32 34 36 38 
21 44 46 48 50 52 54 56 58 60 2 4 6 8 10 12 14 16 18 20 22 24 26 28 30 32 34 36 38 40 
22 46 48 50 52 54 56 58 60 2 4 6 8 10 12 14 16 18 20 22 24 26 28 30 32 34 36 38 40 42 
23 48 50 52 54 56 58 60 2 4 6 8 10 12 14 16 18 20 22 24 26 28 30 32 34 36 38 40 42 44 
24 50 52 54 56 58 60 2 4 6 8 10 12 14 16 18 20 22 24 26 28 30 32 34 36 38 40 42 44 46 
25 52 54 56 58 60 2 4 6 8 10 12 14 16 18 20 22 24 26 28 30 32 34 36 38 40 42 44 46 48 
26 54 56 58 60 2 4 6 8 10 12 14 16 18 20 22 24 26 28 30 32 34 36 38 40 42 44 46 48 50 
27 54 2 4 6 8 10 12 14 16 18 20 22 24 26 28 30 32 34 36 38 40 42 44 46 48 50 52 54 56 
28 56 2 4 6 8 10 12 14 16 18 20 22 24 26 28 30 32 34 36 38 40 42 44 46 48 50 52 54 56 
29 58 2 4 6 8 10 12 14 16 18 20 22 24 26 28 30 32 34 36 38 40 42 44 46 48 50 52 54 56 
30 60 4 6 8 10 12 14 16 18 20 22 24 26 28 30 32 34 36 38 40 42 44 46 48 50 52 54 56 58 
